Started GET "/" for 127.0.0.1 at 2023-11-06 11:18:46 +0530
  
ActiveRecord::NoDatabaseError (We could not find your database: bookstore_development. Available database configurations can be found in config/database.yml file.

To resolve this error:

- Did you create the database for this app, or delete it? You may need to create your database.
- Has the database name changed? Check your database.yml config has the correct database name.

To create your database, run:

        bin/rails db:create
):
  
activerecord (7.1.1) lib/active_record/connection_adapters/postgresql_adapter.rb:74:in `rescue in new_client'
activerecord (7.1.1) lib/active_record/connection_adapters/postgresql_adapter.rb:68:in `new_client'
activerecord (7.1.1) lib/active_record/connection_adapters/postgresql_adapter.rb:981:in `connect'
activerecord (7.1.1) lib/active_record/connection_adapters/postgresql_adapter.rb:993:in `reconnect'
activerecord (7.1.1) lib/active_record/connection_adapters/abstract_adapter.rb:685:in `block in reconnect!'
activesupport (7.1.1) lib/active_support/concurrency/null_lock.rb:9:in `synchronize'
activerecord (7.1.1) lib/active_record/connection_adapters/abstract_adapter.rb:684:in `reconnect!'
activerecord (7.1.1) lib/active_record/connection_adapters/abstract_adapter.rb:788:in `verify!'
activerecord (7.1.1) lib/active_record/connection_adapters/abstract_adapter.rb:795:in `connect!'
activerecord (7.1.1) lib/active_record/connection_adapters/abstract_adapter.rb:997:in `block in with_raw_connection'
activesupport (7.1.1) lib/active_support/concurrency/null_lock.rb:9:in `synchronize'
activerecord (7.1.1) lib/active_record/connection_adapters/abstract_adapter.rb:996:in `with_raw_connection'
activerecord (7.1.1) lib/active_record/connection_adapters/abstract_adapter.rb:1104:in `valid_raw_connection'
activerecord (7.1.1) lib/active_record/connection_adapters/postgresql_adapter.rb:619:in `get_database_version'
activerecord (7.1.1) lib/active_record/connection_adapters/schema_cache.rb:374:in `database_version'
activerecord (7.1.1) lib/active_record/connection_adapters/schema_cache.rb:70:in `database_version'
activerecord (7.1.1) lib/active_record/connection_adapters/schema_cache.rb:200:in `database_version'
activerecord (7.1.1) lib/active_record/connection_adapters/abstract_adapter.rb:871:in `database_version'
activerecord (7.1.1) lib/active_record/connection_adapters/postgresql_adapter.rb:647:in `check_version'
activerecord (7.1.1) lib/active_record/connection_adapters/abstract/connection_pool.rb:675:in `new_connection'
activerecord (7.1.1) lib/active_record/connection_adapters/abstract/connection_pool.rb:720:in `checkout_new_connection'
activerecord (7.1.1) lib/active_record/connection_adapters/abstract/connection_pool.rb:699:in `try_to_checkout_new_connection'
activerecord (7.1.1) lib/active_record/connection_adapters/abstract/connection_pool.rb:657:in `acquire_connection'
activerecord (7.1.1) lib/active_record/connection_adapters/abstract/connection_pool.rb:355:in `checkout'
activerecord (7.1.1) lib/active_record/connection_adapters/abstract/connection_pool.rb:184:in `connection'
activerecord (7.1.1) lib/active_record/tasks/database_tasks.rb:501:in `block in with_temporary_connection'
activerecord (7.1.1) lib/active_record/tasks/database_tasks.rb:518:in `with_temporary_pool'
activerecord (7.1.1) lib/active_record/tasks/database_tasks.rb:500:in `with_temporary_connection'
activerecord (7.1.1) lib/active_record/tasks/database_tasks.rb:494:in `block in with_temporary_connection_for_each'
activerecord (7.1.1) lib/active_record/tasks/database_tasks.rb:493:in `each'
activerecord (7.1.1) lib/active_record/tasks/database_tasks.rb:493:in `with_temporary_connection_for_each'
activerecord (7.1.1) lib/active_record/migration.rb:771:in `pending_migrations'
activerecord (7.1.1) lib/active_record/migration.rb:750:in `check_pending_migrations'
activerecord (7.1.1) lib/active_record/migration.rb:642:in `block (2 levels) in call'
activesupport (7.1.1) lib/active_support/file_update_checker.rb:85:in `execute'
activerecord (7.1.1) lib/active_record/migration.rb:647:in `block in call'
activerecord (7.1.1) lib/active_record/migration.rb:639:in `synchronize'
activerecord (7.1.1) lib/active_record/migration.rb:639:in `call'
actionpack (7.1.1) lib/action_dispatch/middleware/callbacks.rb:29:in `block in call'
activesupport (7.1.1) lib/active_support/callbacks.rb:101:in `run_callbacks'
actionpack (7.1.1) lib/action_dispatch/middleware/callbacks.rb:28:in `call'
actionpack (7.1.1) lib/action_dispatch/middleware/executor.rb:14:in `call'
actionpack (7.1.1) lib/action_dispatch/middleware/actionable_exceptions.rb:16:in `call'
actionpack (7.1.1) lib/action_dispatch/middleware/debug_exceptions.rb:29:in `call'
actionpack (7.1.1) lib/action_dispatch/middleware/show_exceptions.rb:31:in `call'
railties (7.1.1) lib/rails/rack/logger.rb:37:in `call_app'
railties (7.1.1) lib/rails/rack/logger.rb:24:in `block in call'
activesupport (7.1.1) lib/active_support/tagged_logging.rb:135:in `block in tagged'
activesupport (7.1.1) lib/active_support/tagged_logging.rb:39:in `tagged'
activesupport (7.1.1) lib/active_support/tagged_logging.rb:135:in `tagged'
activesupport (7.1.1) lib/active_support/broadcast_logger.rb:232:in `method_missing'
railties (7.1.1) lib/rails/rack/logger.rb:24:in `call'
actionpack (7.1.1) lib/action_dispatch/middleware/remote_ip.rb:92:in `call'
actionpack (7.1.1) lib/action_dispatch/middleware/request_id.rb:28:in `call'
rack (3.0.8) lib/rack/runtime.rb:24:in `call'
activesupport (7.1.1) lib/active_support/cache/strategy/local_cache_middleware.rb:29:in `call'
actionpack (7.1.1) lib/action_dispatch/middleware/server_timing.rb:59:in `block in call'
actionpack (7.1.1) lib/action_dispatch/middleware/server_timing.rb:24:in `collect_events'
actionpack (7.1.1) lib/action_dispatch/middleware/server_timing.rb:58:in `call'
actionpack (7.1.1) lib/action_dispatch/middleware/executor.rb:14:in `call'
actionpack (7.1.1) lib/action_dispatch/middleware/static.rb:25:in `call'
rack (3.0.8) lib/rack/sendfile.rb:114:in `call'
actionpack (7.1.1) lib/action_dispatch/middleware/host_authorization.rb:141:in `call'
rack-cors (2.0.1) lib/rack/cors.rb:102:in `call'
railties (7.1.1) lib/rails/engine.rb:529:in `call'
puma (6.4.0) lib/puma/configuration.rb:272:in `call'
puma (6.4.0) lib/puma/request.rb:100:in `block in handle_request'
puma (6.4.0) lib/puma/thread_pool.rb:378:in `with_force_shutdown'
puma (6.4.0) lib/puma/request.rb:99:in `handle_request'
puma (6.4.0) lib/puma/server.rb:443:in `process_client'
puma (6.4.0) lib/puma/server.rb:241:in `block in run'
puma (6.4.0) lib/puma/thread_pool.rb:155:in `block in spawn_thread'
Started GET "/" for 127.0.0.1 at 2023-11-06 11:22:19 +0530
  
ActiveRecord::NoDatabaseError (We could not find your database: bookstore_development. Available database configurations can be found in config/database.yml file.

To resolve this error:

- Did you create the database for this app, or delete it? You may need to create your database.
- Has the database name changed? Check your database.yml config has the correct database name.

To create your database, run:

        bin/rails db:create
):
  
activerecord (7.1.1) lib/active_record/connection_adapters/postgresql_adapter.rb:74:in `rescue in new_client'
activerecord (7.1.1) lib/active_record/connection_adapters/postgresql_adapter.rb:68:in `new_client'
activerecord (7.1.1) lib/active_record/connection_adapters/postgresql_adapter.rb:981:in `connect'
activerecord (7.1.1) lib/active_record/connection_adapters/postgresql_adapter.rb:993:in `reconnect'
activerecord (7.1.1) lib/active_record/connection_adapters/abstract_adapter.rb:685:in `block in reconnect!'
activesupport (7.1.1) lib/active_support/concurrency/null_lock.rb:9:in `synchronize'
activerecord (7.1.1) lib/active_record/connection_adapters/abstract_adapter.rb:684:in `reconnect!'
activerecord (7.1.1) lib/active_record/connection_adapters/abstract_adapter.rb:788:in `verify!'
activerecord (7.1.1) lib/active_record/connection_adapters/abstract_adapter.rb:795:in `connect!'
activerecord (7.1.1) lib/active_record/connection_adapters/abstract_adapter.rb:997:in `block in with_raw_connection'
activesupport (7.1.1) lib/active_support/concurrency/null_lock.rb:9:in `synchronize'
activerecord (7.1.1) lib/active_record/connection_adapters/abstract_adapter.rb:996:in `with_raw_connection'
activerecord (7.1.1) lib/active_record/connection_adapters/abstract_adapter.rb:1104:in `valid_raw_connection'
activerecord (7.1.1) lib/active_record/connection_adapters/postgresql_adapter.rb:619:in `get_database_version'
activerecord (7.1.1) lib/active_record/connection_adapters/schema_cache.rb:374:in `database_version'
activerecord (7.1.1) lib/active_record/connection_adapters/schema_cache.rb:70:in `database_version'
activerecord (7.1.1) lib/active_record/connection_adapters/schema_cache.rb:200:in `database_version'
activerecord (7.1.1) lib/active_record/connection_adapters/abstract_adapter.rb:871:in `database_version'
activerecord (7.1.1) lib/active_record/connection_adapters/postgresql_adapter.rb:647:in `check_version'
activerecord (7.1.1) lib/active_record/connection_adapters/abstract/connection_pool.rb:675:in `new_connection'
activerecord (7.1.1) lib/active_record/connection_adapters/abstract/connection_pool.rb:720:in `checkout_new_connection'
activerecord (7.1.1) lib/active_record/connection_adapters/abstract/connection_pool.rb:699:in `try_to_checkout_new_connection'
activerecord (7.1.1) lib/active_record/connection_adapters/abstract/connection_pool.rb:657:in `acquire_connection'
activerecord (7.1.1) lib/active_record/connection_adapters/abstract/connection_pool.rb:355:in `checkout'
activerecord (7.1.1) lib/active_record/connection_adapters/abstract/connection_pool.rb:184:in `connection'
activerecord (7.1.1) lib/active_record/tasks/database_tasks.rb:501:in `block in with_temporary_connection'
activerecord (7.1.1) lib/active_record/tasks/database_tasks.rb:518:in `with_temporary_pool'
activerecord (7.1.1) lib/active_record/tasks/database_tasks.rb:500:in `with_temporary_connection'
activerecord (7.1.1) lib/active_record/tasks/database_tasks.rb:494:in `block in with_temporary_connection_for_each'
activerecord (7.1.1) lib/active_record/tasks/database_tasks.rb:493:in `each'
activerecord (7.1.1) lib/active_record/tasks/database_tasks.rb:493:in `with_temporary_connection_for_each'
activerecord (7.1.1) lib/active_record/migration.rb:771:in `pending_migrations'
activerecord (7.1.1) lib/active_record/migration.rb:750:in `check_pending_migrations'
activerecord (7.1.1) lib/active_record/migration.rb:642:in `block (2 levels) in call'
activesupport (7.1.1) lib/active_support/file_update_checker.rb:85:in `execute'
activerecord (7.1.1) lib/active_record/migration.rb:647:in `block in call'
activerecord (7.1.1) lib/active_record/migration.rb:639:in `synchronize'
activerecord (7.1.1) lib/active_record/migration.rb:639:in `call'
actionpack (7.1.1) lib/action_dispatch/middleware/callbacks.rb:29:in `block in call'
activesupport (7.1.1) lib/active_support/callbacks.rb:101:in `run_callbacks'
actionpack (7.1.1) lib/action_dispatch/middleware/callbacks.rb:28:in `call'
actionpack (7.1.1) lib/action_dispatch/middleware/executor.rb:14:in `call'
actionpack (7.1.1) lib/action_dispatch/middleware/actionable_exceptions.rb:16:in `call'
actionpack (7.1.1) lib/action_dispatch/middleware/debug_exceptions.rb:29:in `call'
actionpack (7.1.1) lib/action_dispatch/middleware/show_exceptions.rb:31:in `call'
railties (7.1.1) lib/rails/rack/logger.rb:37:in `call_app'
railties (7.1.1) lib/rails/rack/logger.rb:24:in `block in call'
activesupport (7.1.1) lib/active_support/tagged_logging.rb:135:in `block in tagged'
activesupport (7.1.1) lib/active_support/tagged_logging.rb:39:in `tagged'
activesupport (7.1.1) lib/active_support/tagged_logging.rb:135:in `tagged'
activesupport (7.1.1) lib/active_support/broadcast_logger.rb:232:in `method_missing'
railties (7.1.1) lib/rails/rack/logger.rb:24:in `call'
actionpack (7.1.1) lib/action_dispatch/middleware/remote_ip.rb:92:in `call'
actionpack (7.1.1) lib/action_dispatch/middleware/request_id.rb:28:in `call'
rack (3.0.8) lib/rack/runtime.rb:24:in `call'
activesupport (7.1.1) lib/active_support/cache/strategy/local_cache_middleware.rb:29:in `call'
actionpack (7.1.1) lib/action_dispatch/middleware/server_timing.rb:59:in `block in call'
actionpack (7.1.1) lib/action_dispatch/middleware/server_timing.rb:24:in `collect_events'
actionpack (7.1.1) lib/action_dispatch/middleware/server_timing.rb:58:in `call'
actionpack (7.1.1) lib/action_dispatch/middleware/executor.rb:14:in `call'
actionpack (7.1.1) lib/action_dispatch/middleware/static.rb:25:in `call'
rack (3.0.8) lib/rack/sendfile.rb:114:in `call'
actionpack (7.1.1) lib/action_dispatch/middleware/host_authorization.rb:141:in `call'
rack-cors (2.0.1) lib/rack/cors.rb:102:in `call'
railties (7.1.1) lib/rails/engine.rb:529:in `call'
puma (6.4.0) lib/puma/configuration.rb:272:in `call'
puma (6.4.0) lib/puma/request.rb:100:in `block in handle_request'
puma (6.4.0) lib/puma/thread_pool.rb:378:in `with_force_shutdown'
puma (6.4.0) lib/puma/request.rb:99:in `handle_request'
puma (6.4.0) lib/puma/server.rb:443:in `process_client'
puma (6.4.0) lib/puma/server.rb:241:in `block in run'
puma (6.4.0) lib/puma/thread_pool.rb:155:in `block in spawn_thread'
Started POST "/rails/actions" for 127.0.0.1 at 2023-11-06 11:23:20 +0530
  [1m[35m (194.8ms)[0m  [1m[35mCREATE DATABASE "bookstore_development" ENCODING = 'unicode'[0m
  [1m[35m (93.4ms)[0m  [1m[35mCREATE DATABASE "bookstore_test" ENCODING = 'unicode'[0m
Started GET "/" for 127.0.0.1 at 2023-11-06 11:23:21 +0530
  [1m[35m (16.5ms)[0m  [1m[35mCREATE TABLE "schema_migrations" ("version" character varying NOT NULL PRIMARY KEY)[0m
  [1m[35m (10.4ms)[0m  [1m[35mCREATE TABLE "ar_internal_metadata" ("key" character varying NOT NULL PRIMARY KEY, "value" character varying, "created_at" timestamp(6) NOT NULL, "updated_at" timestamp(6) NOT NULL)[0m
  [1m[36mActiveRecord::SchemaMigration Load (0.6ms)[0m  [1m[34mSELECT "schema_migrations"."version" FROM "schema_migrations" ORDER BY "schema_migrations"."version" ASC[0m
  
ActiveRecord::PendingMigrationError (

Migrations are pending. To resolve this issue, run:

        bin/rails db:migrate

You have 2 pending migrations:

db/migrate/20231106054802_create_books.rb
db/migrate/20231106055203_create_libraries.rb


):
  
activerecord (7.1.1) lib/active_record/migration.rb:753:in `check_pending_migrations'
activerecord (7.1.1) lib/active_record/migration.rb:642:in `block (2 levels) in call'
activesupport (7.1.1) lib/active_support/file_update_checker.rb:85:in `execute'
activerecord (7.1.1) lib/active_record/migration.rb:647:in `block in call'
activerecord (7.1.1) lib/active_record/migration.rb:639:in `synchronize'
activerecord (7.1.1) lib/active_record/migration.rb:639:in `call'
actionpack (7.1.1) lib/action_dispatch/middleware/callbacks.rb:29:in `block in call'
activesupport (7.1.1) lib/active_support/callbacks.rb:101:in `run_callbacks'
actionpack (7.1.1) lib/action_dispatch/middleware/callbacks.rb:28:in `call'
actionpack (7.1.1) lib/action_dispatch/middleware/executor.rb:14:in `call'
actionpack (7.1.1) lib/action_dispatch/middleware/actionable_exceptions.rb:16:in `call'
actionpack (7.1.1) lib/action_dispatch/middleware/debug_exceptions.rb:29:in `call'
actionpack (7.1.1) lib/action_dispatch/middleware/show_exceptions.rb:31:in `call'
railties (7.1.1) lib/rails/rack/logger.rb:37:in `call_app'
railties (7.1.1) lib/rails/rack/logger.rb:24:in `block in call'
activesupport (7.1.1) lib/active_support/tagged_logging.rb:135:in `block in tagged'
activesupport (7.1.1) lib/active_support/tagged_logging.rb:39:in `tagged'
activesupport (7.1.1) lib/active_support/tagged_logging.rb:135:in `tagged'
activesupport (7.1.1) lib/active_support/broadcast_logger.rb:232:in `method_missing'
railties (7.1.1) lib/rails/rack/logger.rb:24:in `call'
actionpack (7.1.1) lib/action_dispatch/middleware/remote_ip.rb:92:in `call'
actionpack (7.1.1) lib/action_dispatch/middleware/request_id.rb:28:in `call'
rack (3.0.8) lib/rack/runtime.rb:24:in `call'
activesupport (7.1.1) lib/active_support/cache/strategy/local_cache_middleware.rb:29:in `call'
actionpack (7.1.1) lib/action_dispatch/middleware/server_timing.rb:59:in `block in call'
actionpack (7.1.1) lib/action_dispatch/middleware/server_timing.rb:24:in `collect_events'
actionpack (7.1.1) lib/action_dispatch/middleware/server_timing.rb:58:in `call'
actionpack (7.1.1) lib/action_dispatch/middleware/executor.rb:14:in `call'
actionpack (7.1.1) lib/action_dispatch/middleware/static.rb:25:in `call'
rack (3.0.8) lib/rack/sendfile.rb:114:in `call'
actionpack (7.1.1) lib/action_dispatch/middleware/host_authorization.rb:141:in `call'
rack-cors (2.0.1) lib/rack/cors.rb:102:in `call'
railties (7.1.1) lib/rails/engine.rb:529:in `call'
puma (6.4.0) lib/puma/configuration.rb:272:in `call'
puma (6.4.0) lib/puma/request.rb:100:in `block in handle_request'
puma (6.4.0) lib/puma/thread_pool.rb:378:in `with_force_shutdown'
puma (6.4.0) lib/puma/request.rb:99:in `handle_request'
puma (6.4.0) lib/puma/server.rb:443:in `process_client'
puma (6.4.0) lib/puma/server.rb:241:in `block in run'
puma (6.4.0) lib/puma/thread_pool.rb:155:in `block in spawn_thread'
Started POST "/rails/actions" for 127.0.0.1 at 2023-11-06 11:23:37 +0530
  [1m[35m (1.7ms)[0m  [1m[34mSELECT pg_try_advisory_lock(3886713595328386830)[0m
  [1m[36mActiveRecord::SchemaMigration Load (0.3ms)[0m  [1m[34mSELECT "schema_migrations"."version" FROM "schema_migrations" ORDER BY "schema_migrations"."version" ASC[0m
  [1m[36mActiveRecord::InternalMetadata Load (1.4ms)[0m  [1m[34mSELECT * FROM "ar_internal_metadata" WHERE "ar_internal_metadata"."key" = $1 ORDER BY "ar_internal_metadata"."key" ASC LIMIT 1[0m  [[nil, "environment"]]
  [1m[36mActiveRecord::InternalMetadata Create (5.8ms)[0m  [1m[32mINSERT INTO "ar_internal_metadata" ("key", "value", "created_at", "updated_at") VALUES ('environment', 'development', '2023-11-06 05:53:37.348198', '2023-11-06 05:53:37.348204') RETURNING "key"[0m
Migrating to CreateBooks (20231106054802)
  [1m[36mTRANSACTION (0.2ms)[0m  [1m[35mBEGIN[0m
  [1m[35m (14.5ms)[0m  [1m[35mCREATE TABLE "books" ("id" bigserial primary key, "title" character varying, "body" text, "created_at" timestamp(6) NOT NULL, "updated_at" timestamp(6) NOT NULL)[0m
  [1m[36mActiveRecord::SchemaMigration Create (0.9ms)[0m  [1m[32mINSERT INTO "schema_migrations" ("version") VALUES ('20231106054802') RETURNING "version"[0m
  [1m[36mTRANSACTION (1.1ms)[0m  [1m[35mCOMMIT[0m
Migrating to CreateLibraries (20231106055203)
  [1m[36mTRANSACTION (0.2ms)[0m  [1m[35mBEGIN[0m
  [1m[35m (7.9ms)[0m  [1m[35mCREATE TABLE "libraries" ("id" bigserial primary key, "title" character varying, "body" text, "created_at" timestamp(6) NOT NULL, "updated_at" timestamp(6) NOT NULL)[0m
  [1m[36mActiveRecord::SchemaMigration Create (0.2ms)[0m  [1m[32mINSERT INTO "schema_migrations" ("version") VALUES ('20231106055203') RETURNING "version"[0m
  [1m[36mTRANSACTION (1.4ms)[0m  [1m[35mCOMMIT[0m
  [1m[35m (0.2ms)[0m  [1m[34mSELECT pg_advisory_unlock(3886713595328386830)[0m
  [1m[36mActiveRecord::SchemaMigration Load (0.2ms)[0m  [1m[34mSELECT "schema_migrations"."version" FROM "schema_migrations" ORDER BY "schema_migrations"."version" ASC[0m
Started GET "/" for 127.0.0.1 at 2023-11-06 11:23:37 +0530
  [1m[36mActiveRecord::SchemaMigration Load (0.2ms)[0m  [1m[34mSELECT "schema_migrations"."version" FROM "schema_migrations" ORDER BY "schema_migrations"."version" ASC[0m
Processing by Rails::WelcomeController#index as HTML
  Rendering /home/ubuntu/.asdf/installs/ruby/3.2.2/lib/ruby/gems/3.2.0/gems/railties-7.1.1/lib/rails/templates/rails/welcome/index.html.erb
  Rendered /home/ubuntu/.asdf/installs/ruby/3.2.2/lib/ruby/gems/3.2.0/gems/railties-7.1.1/lib/rails/templates/rails/welcome/index.html.erb (Duration: 0.7ms | Allocations: 271)
Completed 200 OK in 6ms (Views: 1.7ms | ActiveRecord: 0.0ms | Allocations: 2558)


Started GET "/" for 127.0.0.1 at 2023-11-06 11:31:35 +0530
  [1m[36mActiveRecord::SchemaMigration Load (0.8ms)[0m  [1m[34mSELECT "schema_migrations"."version" FROM "schema_migrations" ORDER BY "schema_migrations"."version" ASC[0m
Processing by Rails::WelcomeController#index as HTML
  Rendering /home/ubuntu/.asdf/installs/ruby/3.2.2/lib/ruby/gems/3.2.0/gems/railties-7.1.1/lib/rails/templates/rails/welcome/index.html.erb
  Rendered /home/ubuntu/.asdf/installs/ruby/3.2.2/lib/ruby/gems/3.2.0/gems/railties-7.1.1/lib/rails/templates/rails/welcome/index.html.erb (Duration: 0.9ms | Allocations: 375)
Completed 200 OK in 12ms (Views: 4.2ms | ActiveRecord: 0.0ms | Allocations: 4199)


Started GET "/routes" for 127.0.0.1 at 2023-11-06 11:31:49 +0530
  
ActionController::RoutingError (No route matches [GET] "/routes"):
  
Started GET "/libraries/api/v1" for 127.0.0.1 at 2023-11-06 11:32:06 +0530
  
ActionController::RoutingError (No route matches [GET] "/libraries/api/v1"):
  
Started GET "/library/api/v1" for 127.0.0.1 at 2023-11-06 11:32:14 +0530
  
ActionController::RoutingError (No route matches [GET] "/library/api/v1"):
  
Started GET "/Library/api/v1" for 127.0.0.1 at 2023-11-06 11:32:18 +0530
  
ActionController::RoutingError (No route matches [GET] "/Library/api/v1"):
  
Started GET "/api/v1/books" for 127.0.0.1 at 2023-11-06 11:33:48 +0530
  [1m[36mActiveRecord::SchemaMigration Load (0.7ms)[0m  [1m[34mSELECT "schema_migrations"."version" FROM "schema_migrations" ORDER BY "schema_migrations"."version" ASC[0m
Processing by Api::V1::BooksController#index as HTML
  [1m[36mBook Load (0.6ms)[0m  [1m[34mSELECT "books".* FROM "books"[0m
  ↳ app/controllers/api/v1/books_controller.rb:8:in `index'
Completed 200 OK in 36ms (Views: 8.1ms | ActiveRecord: 0.6ms | Allocations: 12235)


Started GET "/favicon.ico" for 127.0.0.1 at 2023-11-06 11:33:48 +0530
  
ActionController::RoutingError (No route matches [GET] "/favicon.ico"):
  
Started GET "/api/v1/library" for 127.0.0.1 at 2023-11-06 11:33:52 +0530
  
ActionController::RoutingError (No route matches [GET] "/api/v1/library"):
  
Started GET "/api/v1/Library" for 127.0.0.1 at 2023-11-06 11:33:59 +0530
  
ActionController::RoutingError (No route matches [GET] "/api/v1/Library"):
  
  [1m[36mActiveRecord::SchemaMigration Load (0.9ms)[0m  [1m[34mSELECT "schema_migrations"."version" FROM "schema_migrations" ORDER BY "schema_migrations"."version" ASC[0m
  [1m[36mTRANSACTION (0.2ms)[0m  [1m[35mBEGIN[0m
  [1m[36mBook Create (2.5ms)[0m  [1m[32mINSERT INTO "books" ("title", "body", "created_at", "updated_at") VALUES ($1, $2, $3, $4) RETURNING "id"[0m  [["title", "First Book"], ["body", "Hello Allan"], ["created_at", "2023-11-06 06:12:15.538588"], ["updated_at", "2023-11-06 06:12:15.538588"]]
  [1m[36mTRANSACTION (1.0ms)[0m  [1m[35mCOMMIT[0m
  [1m[36mTRANSACTION (0.2ms)[0m  [1m[35mBEGIN[0m
  [1m[36mBook Create (1.8ms)[0m  [1m[32mINSERT INTO "books" ("title", "body", "created_at", "updated_at") VALUES ($1, $2, $3, $4) RETURNING "id"[0m  [["title", "Second App"], ["body", "Hello All"], ["created_at", "2023-11-06 06:12:15.546173"], ["updated_at", "2023-11-06 06:12:15.546173"]]
  [1m[36mTRANSACTION (1.1ms)[0m  [1m[35mCOMMIT[0m
Started GET "/api/v1/books" for 127.0.0.1 at 2023-11-06 11:42:24 +0530
  [1m[36mActiveRecord::SchemaMigration Load (1.1ms)[0m  [1m[34mSELECT "schema_migrations"."version" FROM "schema_migrations" ORDER BY "schema_migrations"."version" ASC[0m
Processing by Api::V1::BooksController#index as HTML
  [1m[36mBook Load (0.7ms)[0m  [1m[34mSELECT "books".* FROM "books"[0m
  ↳ app/controllers/api/v1/books_controller.rb:8:in `index'
Completed 200 OK in 70ms (Views: 28.9ms | ActiveRecord: 7.3ms | Allocations: 17993)


Started GET "/api/v1/books" for 127.0.0.1 at 2023-11-06 11:42:43 +0530
  [1m[36mActiveRecord::SchemaMigration Load (0.9ms)[0m  [1m[34mSELECT "schema_migrations"."version" FROM "schema_migrations" ORDER BY "schema_migrations"."version" ASC[0m
Processing by Api::V1::BooksController#index as HTML
  [1m[36mBook Load (0.7ms)[0m  [1m[34mSELECT "books".* FROM "books"[0m
  ↳ app/controllers/api/v1/books_controller.rb:8:in `index'
Completed 200 OK in 68ms (Views: 28.4ms | ActiveRecord: 4.9ms | Allocations: 17993)


Started GET "/api/v1/books" for ::1 at 2023-11-06 12:03:27 +0530
Processing by Api::V1::BooksController#index as HTML
  [1m[36mBook Load (24.7ms)[0m  [1m[34mSELECT "books".* FROM "books"[0m
  ↳ app/controllers/api/v1/books_controller.rb:8:in `index'
Completed 200 OK in 35ms (Views: -0.1ms | ActiveRecord: 33.8ms | Allocations: 3449)


Started GET "/api/v1/books" for ::1 at 2023-11-06 12:03:27 +0530
Processing by Api::V1::BooksController#index as HTML
  [1m[36mBook Load (0.9ms)[0m  [1m[34mSELECT "books".* FROM "books"[0m
  ↳ app/controllers/api/v1/books_controller.rb:8:in `index'
Completed 200 OK in 4ms (Views: 3.1ms | ActiveRecord: 0.8ms | Allocations: 688)


